This is pdfTeX, Version 3.141592653-2.6-1.40.22 (MiKTeX 21.2) (preloaded format=pdflatex 2021.4.23)  5 OCT 2022 14:35
entering extended mode
**"./Lista 1 - Gabarito.tex"
(Lista 1 - Gabarito.tex
LaTeX2e <2020-10-01> patch level 4
L3 programming layer <2021-02-18> xparse <2020-03-03>
(C:\Users\Caio Forcione\AppData\Local\Programs\MiKTeX\tex/latex/base\book.cls
Document Class: book 2020/04/10 v1.4m Standard LaTeX document class
(C:\Users\Caio Forcione\AppData\Local\Programs\MiKTeX\tex/latex/base\bk11.clo
File: bk11.clo 2020/04/10 v1.4m Standard LaTeX file (size option)
)
\c@part=\count179
\c@chapter=\count180
\c@section=\count181
\c@subsection=\count182
\c@subsubsection=\count183
\c@paragraph=\count184
\c@subparagraph=\count185
\c@figure=\count186
\c@table=\count187
\abovecaptionskip=\skip47
\belowcaptionskip=\skip48
\bibindent=\dimen138
)
(C:\Users\Caio Forcione\AppData\Local\Programs\MiKTeX\tex/latex/latex-tools\arr
ay.sty
Package: array 2020/10/01 v2.5c Tabular extension package (FMi)
\col@sep=\dimen139
\ar@mcellbox=\box47
\extrarowheight=\dimen140
\NC@list=\toks15
\extratabsurround=\skip49
\backup@length=\skip50
\ar@cellbox=\box48
)
(C:\Users\Caio Forcione\AppData\Local\Programs\MiKTeX\tex/latex/graphics\epsfig
.sty
Package: epsfig 2017/06/25 v1.7b (e)psfig emulation (SPQR)

(C:\Users\Caio Forcione\AppData\Local\Programs\MiKTeX\tex/latex/graphics\graphi
cx.sty
Package: graphicx 2020/09/09 v1.2b Enhanced LaTeX Graphics (DPC,SPQR)

(C:\Users\Caio Forcione\AppData\Local\Programs\MiKTeX\tex/latex/graphics\keyval
.sty
Package: keyval 2014/10/28 v1.15 key=value parser (DPC)
\KV@toks@=\toks16
)
(C:\Users\Caio Forcione\AppData\Local\Programs\MiKTeX\tex/latex/graphics\graphi
cs.sty
Package: graphics 2020/08/30 v1.4c Standard LaTeX Graphics (DPC,SPQR)

(C:\Users\Caio Forcione\AppData\Local\Programs\MiKTeX\tex/latex/graphics\trig.s
ty
Package: trig 2016/01/03 v1.10 sin cos tan (DPC)
)
(C:\Users\Caio Forcione\AppData\Local\Programs\MiKTeX\tex/latex/graphics-cfg\gr
aphics.cfg
File: graphics.cfg 2016/06/04 v1.11 sample graphics configuration
)
Package graphics Info: Driver file: pdftex.def on input line 105.

(C:\Users\Caio Forcione\AppData\Local\Programs\MiKTeX\tex/latex/graphics-def\pd
ftex.def
File: pdftex.def 2020/10/05 v1.2a Graphics/color driver for pdftex
))
\Gin@req@height=\dimen141
\Gin@req@width=\dimen142
)
\epsfxsize=\dimen143
\epsfysize=\dimen144
)
(C:\Users\Caio Forcione\AppData\Local\Programs\MiKTeX\tex/latex/amsmath\amsmath
.sty
Package: amsmath 2020/09/23 v2.17i AMS math features
\@mathmargin=\skip51

For additional information on amsmath, use the `?' option.

(C:\Users\Caio Forcione\AppData\Local\Programs\MiKTeX\tex/latex/amsmath\amstext
.sty
Package: amstext 2000/06/29 v2.01 AMS text

(C:\Users\Caio Forcione\AppData\Local\Programs\MiKTeX\tex/latex/amsmath\amsgen.
sty
File: amsgen.sty 1999/11/30 v2.0 generic functions
\@emptytoks=\toks17
\ex@=\dimen145
))
(C:\Users\Caio Forcione\AppData\Local\Programs\MiKTeX\tex/latex/amsmath\amsbsy.
sty
Package: amsbsy 1999/11/29 v1.2d Bold Symbols
\pmbraise@=\dimen146
)
(C:\Users\Caio Forcione\AppData\Local\Programs\MiKTeX\tex/latex/amsmath\amsopn.
sty
Package: amsopn 2016/03/08 v2.02 operator names
)
\inf@bad=\count188
LaTeX Info: Redefining \frac on input line 234.
\uproot@=\count189
\leftroot@=\count190
LaTeX Info: Redefining \overline on input line 399.
\classnum@=\count191
\DOTSCASE@=\count192
LaTeX Info: Redefining \ldots on input line 496.
LaTeX Info: Redefining \dots on input line 499.
LaTeX Info: Redefining \cdots on input line 620.
\Mathstrutbox@=\box49
\strutbox@=\box50
\big@size=\dimen147
LaTeX Font Info:    Redeclaring font encoding OML on input line 743.
LaTeX Font Info:    Redeclaring font encoding OMS on input line 744.
\macc@depth=\count193
\c@MaxMatrixCols=\count194
\dotsspace@=\muskip16
\c@parentequation=\count195
\dspbrk@lvl=\count196
\tag@help=\toks18
\row@=\count197
\column@=\count198
\maxfields@=\count199
\andhelp@=\toks19
\eqnshift@=\dimen148
\alignsep@=\dimen149
\tagshift@=\dimen150
\tagwidth@=\dimen151
\totwidth@=\dimen152
\lineht@=\dimen153
\@envbody=\toks20
\multlinegap=\skip52
\multlinetaggap=\skip53
\mathdisplay@stack=\toks21
LaTeX Info: Redefining \[ on input line 2923.
LaTeX Info: Redefining \] on input line 2924.
)
(C:\Users\Caio Forcione\AppData\Local\Programs\MiKTeX\tex/latex/amsfonts\amsfon
ts.sty
Package: amsfonts 2013/01/14 v3.01 Basic AMSFonts support
\symAMSa=\mathgroup4
\symAMSb=\mathgroup5
LaTeX Font Info:    Redeclaring math symbol \hbar on input line 98.
LaTeX Font Info:    Overwriting math alphabet `\mathfrak' in version `bold'
(Font)                  U/euf/m/n --> U/euf/b/n on input line 106.
)
(C:\Users\Caio Forcione\AppData\Local\Programs\MiKTeX\tex/latex/amsfonts\amssym
b.sty
Package: amssymb 2013/01/14 v3.01 AMS font symbols
)
(C:\Users\Caio Forcione\AppData\Local\Programs\MiKTeX\tex/latex/amsmath\amsxtra
.sty
Package: amsxtra 1999/11/15 v1.2c AMS extra commands
LaTeX Info: Redefining \nobreakspace on input line 54.
)
(C:\Users\Caio Forcione\AppData\Local\Programs\MiKTeX\tex/latex/amscls\amsthm.s
ty
Package: amsthm 2020/05/29 v2.20.6
\thm@style=\toks22
\thm@bodyfont=\toks23
\thm@headfont=\toks24
\thm@notefont=\toks25
\thm@headpunct=\toks26
\thm@preskip=\skip54
\thm@postskip=\skip55
\thm@headsep=\skip56
\dth@everypar=\toks27
)
(C:\Users\Caio Forcione\AppData\Local\Programs\MiKTeX\tex/latex/jknappen\mathrs
fs.sty
Package: mathrsfs 1996/01/01 Math RSFS package v1.0 (jk)
\symrsfs=\mathgroup6
)
(C:\Users\Caio Forcione\AppData\Local\Programs\MiKTeX\tex/latex/graphics\color.
sty
Package: color 2020/02/24 v1.2b Standard LaTeX Color (DPC)

(C:\Users\Caio Forcione\AppData\Local\Programs\MiKTeX\tex/latex/graphics-cfg\co
lor.cfg
File: color.cfg 2016/01/02 v1.6 sample color configuration
)
Package color Info: Driver file: pdftex.def on input line 147.
)
(C:\Users\Caio Forcione\AppData\Local\Programs\MiKTeX\tex/latex/float\float.sty
Package: float 2001/11/08 v1.3d Float enhancements (AL)
\c@float@type=\count266
\float@exts=\toks28
\float@box=\box51
\@float@everytoks=\toks29
\@floatcapt=\box52
)
(C:\Users\Caio Forcione\AppData\Local\Programs\MiKTeX\tex/latex/psnfss\times.st
y
Package: times 2020/03/25 PSNFSS-v9.3 (SPQR) 
)
(C:\Users\Caio Forcione\AppData\Local\Programs\MiKTeX\tex/latex/base\fontenc.st
y
Package: fontenc 2020/08/10 v2.0s Standard LaTeX package
LaTeX Font Info:    Trying to load font information for T1+ptm on input line 11
2.

(C:\Users\Caio Forcione\AppData\Local\Programs\MiKTeX\tex/latex/psnfss\t1ptm.fd
File: t1ptm.fd 2001/06/04 font definitions for T1/ptm.
))
(C:\Users\Caio Forcione\AppData\Local\Programs\MiKTeX\tex/latex/setspace\setspa
ce.sty
Package: setspace 2011/12/19 v6.7a set line spacing
)
(C:\Users\Caio Forcione\AppData\Local\Programs\MiKTeX\tex/generic/babel\babel.s
ty
Package: babel 2021/01/26 3.53 The Babel package

(C:\Users\Caio Forcione\AppData\Local\Programs\MiKTeX\tex/generic/babel\babel.d
ef
File: babel.def 2021/01/26 3.53 Babel common definitions
\babel@savecnt=\count267
\U@D=\dimen154
\l@babelnohyphens=\language79

(C:\Users\Caio Forcione\AppData\Local\Programs\MiKTeX\tex/generic/babel\txtbabe
l.def)
\bbl@readstream=\read2
)
\bbl@dirlevel=\count268

*************************************
* Local config file bblopts.cfg used
*

(C:\Users\Caio Forcione\AppData\Local\Programs\MiKTeX\tex/latex/arabi\bblopts.c
fg
File: bblopts.cfg 2005/09/08 v0.1 add Arabic and Farsi to "declared" options of
 babel
)
Package babel Info: You haven't specified a language. I'll use 'nil'
(babel)             as the main language. Reported on input line 1159.

(C:\Users\Caio Forcione\AppData\Local\Programs\MiKTeX\tex/generic/babel\nil.ldf
Language: nil 2021/01/26 3.53 Nil language
\l@nil=\language80
))
(C:\Users\Caio Forcione\AppData\Local\Programs\MiKTeX\tex/latex/microtype\micro
type.sty
Package: microtype 2021/03/14 v2.8c Micro-typographical refinements (RS)
\MT@toks=\toks30
\MT@count=\count269
LaTeX Info: Redefining \textls on input line 790.
\MT@outer@kern=\dimen155
LaTeX Info: Redefining \textmicrotypecontext on input line 1374.
\MT@listname@count=\count270

(C:\Users\Caio Forcione\AppData\Local\Programs\MiKTeX\tex/latex/microtype\micro
type-pdftex.def
File: microtype-pdftex.def 2021/03/14 v2.8c Definitions specific to pdftex (RS)

LaTeX Info: Redefining \lsstyle on input line 915.
LaTeX Info: Redefining \lslig on input line 915.
\MT@outer@space=\skip57
)
Package microtype Info: Loading configuration file microtype.cfg.

(C:\Users\Caio Forcione\AppData\Local\Programs\MiKTeX\tex/latex/microtype\micro
type.cfg
File: microtype.cfg 2021/03/14 v2.8c microtype main configuration file (RS)
))
(C:\Users\Caio Forcione\AppData\Local\Programs\MiKTeX\tex/latex/caption\subcapt
ion.sty
Package: subcaption 2020/10/07 v1.3j Sub-captions (AR)

(C:\Users\Caio Forcione\AppData\Local\Programs\MiKTeX\tex/latex/caption\caption
.sty
Package: caption 2020/10/26 v3.5g Customizing captions (AR)

(C:\Users\Caio Forcione\AppData\Local\Programs\MiKTeX\tex/latex/caption\caption
3.sty
Package: caption3 2020/10/21 v2.2e caption3 kernel (AR)
\captionmargin=\dimen156
\captionmargin@=\dimen157
\captionwidth=\dimen158
\caption@tempdima=\dimen159
\caption@indent=\dimen160
\caption@parindent=\dimen161
\caption@hangindent=\dimen162
Package caption Info: Standard document class detected.
)
\c@caption@flags=\count271
\c@continuedfloat=\count272
Package caption Info: float package is loaded.
)
\c@subfigure=\count273
\c@subtable=\count274
)
(C:\Users\Caio Forcione\AppData\Local\Programs\MiKTeX\tex/latex/base\inputenc.s
ty
Package: inputenc 2020/08/01 v1.3d Input encoding file
\inpenc@prehook=\toks31
\inpenc@posthook=\toks32
)
(C:\Users\Caio Forcione\AppData\Local\Programs\MiKTeX\tex/latex/blindtext\blind
text.sty
Package: blindtext 2012/01/06 V2.0 blindtext-Package

(C:\Users\Caio Forcione\AppData\Local\Programs\MiKTeX\tex/latex/latex-tools\xsp
ace.sty
Package: xspace 2014/10/28 v1.13 Space after command names (DPC,MH)
)
\c@blindtext=\count275
\c@Blindtext=\count276
\c@blind@countparstart=\count277
\blind@countxx=\count278
\blindtext@numBlindtext=\count279
\blind@countyy=\count280
\c@blindlist=\count281
\c@blindlistlevel=\count282
\c@blindlist@level=\count283
\blind@listitem=\count284
\c@blind@listcount=\count285
\c@blind@levelcount=\count286
\blind@mathformula=\count287
\blind@Mathformula=\count288
\c@blind@randomcount=\count289
\c@blind@randommax=\count290
\c@blind@pangramcount=\count291
\c@blind@pangrammax=\count292
)
(C:\Users\Caio Forcione\AppData\Local\Programs\MiKTeX\tex/latex/natbib\natbib.s
ty
Package: natbib 2010/09/13 8.31b (PWD, AO)
\bibhang=\skip58
\bibsep=\skip59
LaTeX Info: Redefining \cite on input line 694.
\c@NAT@ctr=\count293
)
(C:\Users\Caio Forcione\AppData\Local\Programs\MiKTeX\tex/latex/geometry\geomet
ry.sty
Package: geometry 2020/01/02 v5.9 Page Geometry

(C:\Users\Caio Forcione\AppData\Local\Programs\MiKTeX\tex/generic/iftex\ifvtex.
sty
Package: ifvtex 2019/10/25 v1.7 ifvtex legacy package. Use iftex instead.

(C:\Users\Caio Forcione\AppData\Local\Programs\MiKTeX\tex/generic/iftex\iftex.s
ty
Package: iftex 2020/03/06 v1.0d TeX engine tests
))
\Gm@cnth=\count294
\Gm@cntv=\count295
\c@Gm@tempcnt=\count296
\Gm@bindingoffset=\dimen163
\Gm@wd@mp=\dimen164
\Gm@odd@mp=\dimen165
\Gm@even@mp=\dimen166
\Gm@layoutwidth=\dimen167
\Gm@layoutheight=\dimen168
\Gm@layouthoffset=\dimen169
\Gm@layoutvoffset=\dimen170
\Gm@dimlist=\toks33

(C:\Users\Caio Forcione\AppData\Local\Programs\MiKTeX\tex/latex/geometry\geomet
ry.cfg))
(C:\Users\Caio Forcione\AppData\Local\Programs\MiKTeX\tex/latex/hyperref\hyperr
ef.sty
Package: hyperref 2021-02-10 v7.00j Hypertext links for LaTeX

(C:\Users\Caio Forcione\AppData\Local\Programs\MiKTeX\tex/generic/ltxcmds\ltxcm
ds.sty
Package: ltxcmds 2020-05-10 v1.25 LaTeX kernel commands for general use (HO)
)
(C:\Users\Caio Forcione\AppData\Local\Programs\MiKTeX\tex/generic/pdftexcmds\pd
ftexcmds.sty
Package: pdftexcmds 2020-06-27 v0.33 Utility functions of pdfTeX for LuaTeX (HO
)

(C:\Users\Caio Forcione\AppData\Local\Programs\MiKTeX\tex/generic/infwarerr\inf
warerr.sty
Package: infwarerr 2019/12/03 v1.5 Providing info/warning/error messages (HO)
)
Package pdftexcmds Info: \pdf@primitive is available.
Package pdftexcmds Info: \pdf@ifprimitive is available.
Package pdftexcmds Info: \pdfdraftmode found.
)
(C:\Users\Caio Forcione\AppData\Local\Programs\MiKTeX\tex/generic/kvsetkeys\kvs
etkeys.sty
Package: kvsetkeys 2019/12/15 v1.18 Key value parser (HO)
)
(C:\Users\Caio Forcione\AppData\Local\Programs\MiKTeX\tex/generic/kvdefinekeys\
kvdefinekeys.sty
Package: kvdefinekeys 2019-12-19 v1.6 Define keys (HO)
)
(C:\Users\Caio Forcione\AppData\Local\Programs\MiKTeX\tex/generic/pdfescape\pdf
escape.sty
Package: pdfescape 2019/12/09 v1.15 Implements pdfTeX's escape features (HO)
)
(C:\Users\Caio Forcione\AppData\Local\Programs\MiKTeX\tex/latex/hycolor\hycolor
.sty
Package: hycolor 2020-01-27 v1.10 Color options for hyperref/bookmark (HO)
)
(C:\Users\Caio Forcione\AppData\Local\Programs\MiKTeX\tex/latex/letltxmacro\let
ltxmacro.sty
Package: letltxmacro 2019/12/03 v1.6 Let assignment for LaTeX macros (HO)
)
(C:\Users\Caio Forcione\AppData\Local\Programs\MiKTeX\tex/latex/auxhook\auxhook
.sty
Package: auxhook 2019-12-17 v1.6 Hooks for auxiliary files (HO)
)
(C:\Users\Caio Forcione\AppData\Local\Programs\MiKTeX\tex/latex/kvoptions\kvopt
ions.sty
Package: kvoptions 2020-10-07 v3.14 Key value format for package options (HO)
)
\@linkdim=\dimen171
\Hy@linkcounter=\count297
\Hy@pagecounter=\count298

(C:\Users\Caio Forcione\AppData\Local\Programs\MiKTeX\tex/latex/hyperref\pd1enc
.def
File: pd1enc.def 2021-02-10 v7.00j Hyperref: PDFDocEncoding definition (HO)
Now handling font encoding PD1 ...
... no UTF-8 mapping file for font encoding PD1
)
(C:\Users\Caio Forcione\AppData\Local\Programs\MiKTeX\tex/latex/hyperref\hyperr
ef-langpatches.def
File: hyperref-langpatches.def 2021-02-10 v7.00j Hyperref: patches for babel la
nguages
)
(C:\Users\Caio Forcione\AppData\Local\Programs\MiKTeX\tex/generic/intcalc\intca
lc.sty
Package: intcalc 2019/12/15 v1.3 Expandable calculations with integers (HO)
)
(C:\Users\Caio Forcione\AppData\Local\Programs\MiKTeX\tex/generic/etexcmds\etex
cmds.sty
Package: etexcmds 2019/12/15 v1.7 Avoid name clashes with e-TeX commands (HO)
)
\Hy@SavedSpaceFactor=\count299

(C:\Users\Caio Forcione\AppData\Local\Programs\MiKTeX\tex/latex/hyperref\puenc.
def
File: puenc.def 2021-02-10 v7.00j Hyperref: PDF Unicode definition (HO)
Now handling font encoding PU ...
... no UTF-8 mapping file for font encoding PU
)
Package hyperref Info: Hyper figures OFF on input line 4192.
Package hyperref Info: Link nesting OFF on input line 4197.
Package hyperref Info: Hyper index ON on input line 4200.
Package hyperref Info: Plain pages OFF on input line 4207.
Package hyperref Info: Backreferencing OFF on input line 4212.
Package hyperref Info: Implicit mode ON; LaTeX internals redefined.
Package hyperref Info: Bookmarks ON on input line 4445.
\c@Hy@tempcnt=\count300

(C:\Users\Caio Forcione\AppData\Local\Programs\MiKTeX\tex/latex/url\url.sty
\Urlmuskip=\muskip17
Package: url 2013/09/16  ver 3.4  Verb mode for urls, etc.
)
LaTeX Info: Redefining \url on input line 4804.
\XeTeXLinkMargin=\dimen172

(C:\Users\Caio Forcione\AppData\Local\Programs\MiKTeX\tex/generic/bitset\bitset
.sty
Package: bitset 2019/12/09 v1.3 Handle bit-vector datatype (HO)

(C:\Users\Caio Forcione\AppData\Local\Programs\MiKTeX\tex/generic/bigintcalc\bi
gintcalc.sty
Package: bigintcalc 2019/12/15 v1.5 Expandable calculations on big integers (HO
)
))
\Fld@menulength=\count301
\Field@Width=\dimen173
\Fld@charsize=\dimen174
Package hyperref Info: Hyper figures OFF on input line 6075.
Package hyperref Info: Link nesting OFF on input line 6080.
Package hyperref Info: Hyper index ON on input line 6083.
Package hyperref Info: backreferencing OFF on input line 6090.
Package hyperref Info: Link coloring OFF on input line 6095.
Package hyperref Info: Link coloring with OCG OFF on input line 6100.
Package hyperref Info: PDF/A mode OFF on input line 6105.
LaTeX Info: Redefining \ref on input line 6145.
LaTeX Info: Redefining \pageref on input line 6149.

(C:\Users\Caio Forcione\AppData\Local\Programs\MiKTeX\tex/latex/base\atbegshi-l
tx.sty
Package: atbegshi-ltx 2020/08/17 v1.0a Emulation of the original atbegshi packa
ge
with kernel methods
)
\Hy@abspage=\count302
\c@Item=\count303
\c@Hfootnote=\count304
)
Package hyperref Info: Driver (autodetected): hpdftex.

(C:\Users\Caio Forcione\AppData\Local\Programs\MiKTeX\tex/latex/hyperref\hpdfte
x.def
File: hpdftex.def 2021-02-10 v7.00j Hyperref driver for pdfTeX

(C:\Users\Caio Forcione\AppData\Local\Programs\MiKTeX\tex/latex/base\atveryend-
ltx.sty
Package: atveryend-ltx 2020/08/19 v1.0a Emulation of the original atvery packag
e
with kernel methods
)
\Fld@listcount=\count305
\c@bookmark@seq@number=\count306

(C:\Users\Caio Forcione\AppData\Local\Programs\MiKTeX\tex/latex/rerunfilecheck\
rerunfilecheck.sty
Package: rerunfilecheck 2019/12/05 v1.9 Rerun checks for auxiliary files (HO)

(C:\Users\Caio Forcione\AppData\Local\Programs\MiKTeX\tex/generic/uniquecounter
\uniquecounter.sty
Package: uniquecounter 2019/12/15 v1.4 Provide unlimited unique counter (HO)
)
Package uniquecounter Info: New unique counter `rerunfilecheck' on input line 2
86.
)
\Hy@SectionHShift=\skip60
)
\c@defn=\count307
\c@thm=\count308
\c@cor=\count309
\c@lem=\count310
\c@ex=\count311
\c@prop=\count312

(C:\Users\Caio Forcione\AppData\Local\Programs\MiKTeX\tex/latex/l3backend\l3bac
kend-pdftex.def
File: l3backend-pdftex.def 2021-02-18 L3 backend support: PDF output (pdfTeX)
\l__color_backend_stack_int=\count313
\l__pdf_internal_box=\box53
) (Lista 1 - Gabarito.aux)
\openout1 = `"Lista 1 - Gabarito.aux"'.

LaTeX Font Info:    Checking defaults for OML/cmm/m/it on input line 87.
LaTeX Font Info:    ... okay on input line 87.
LaTeX Font Info:    Checking defaults for OMS/cmsy/m/n on input line 87.
LaTeX Font Info:    ... okay on input line 87.
LaTeX Font Info:    Checking defaults for OT1/cmr/m/n on input line 87.
LaTeX Font Info:    ... okay on input line 87.
LaTeX Font Info:    Checking defaults for T1/cmr/m/n on input line 87.
LaTeX Font Info:    ... okay on input line 87.
LaTeX Font Info:    Checking defaults for TS1/cmr/m/n on input line 87.
LaTeX Font Info:    ... okay on input line 87.
LaTeX Font Info:    Checking defaults for OMX/cmex/m/n on input line 87.
LaTeX Font Info:    ... okay on input line 87.
LaTeX Font Info:    Checking defaults for U/cmr/m/n on input line 87.
LaTeX Font Info:    ... okay on input line 87.
LaTeX Font Info:    Checking defaults for PD1/pdf/m/n on input line 87.
LaTeX Font Info:    ... okay on input line 87.
LaTeX Font Info:    Checking defaults for PU/pdf/m/n on input line 87.
LaTeX Font Info:    ... okay on input line 87.

(C:\Users\Caio Forcione\AppData\Local\Programs\MiKTeX\tex/context/base/mkii\sup
p-pdf.mkii
[Loading MPS to PDF converter (version 2006.09.02).]
\scratchcounter=\count314
\scratchdimen=\dimen175
\scratchbox=\box54
\nofMPsegments=\count315
\nofMParguments=\count316
\everyMPshowfont=\toks34
\MPscratchCnt=\count317
\MPscratchDim=\dimen176
\MPnumerator=\count318
\makeMPintoPDFobject=\count319
\everyMPtoPDFconversion=\toks35
)
(C:\Users\Caio Forcione\AppData\Local\Programs\MiKTeX\tex/latex/epstopdf-pkg\ep
stopdf-base.sty
Package: epstopdf-base 2020-01-24 v2.11 Base part for package epstopdf
Package epstopdf-base Info: Redefining graphics rule for `.eps' on input line 4
85.
)
LaTeX Info: Redefining \microtypecontext on input line 87.
Package microtype Info: Generating PDF output.
Package microtype Info: Character protrusion enabled (level 2).
Package microtype Info: Using default protrusion set `alltext'.
Package microtype Info: Automatic font expansion enabled (level 2),
(microtype)             stretch: 20, shrink: 20, step: 1, non-selected.
Package microtype Info: Using default expansion set `alltext-nott'.
LaTeX Info: Redefining \showhyphens on input line 87.
Package microtype Info: No adjustment of tracking.
Package microtype Info: No adjustment of interword spacing.
Package microtype Info: No adjustment of character kerning.

(C:\Users\Caio Forcione\AppData\Local\Programs\MiKTeX\tex/latex/microtype\mt-pt
m.cfg
File: mt-ptm.cfg 2006/04/20 v1.7 microtype config. file: Times (RS)
)
Package caption Info: Begin \AtBeginDocument code.
Package caption Info: hyperref package is loaded.
Package caption Info: End \AtBeginDocument code.

*geometry* driver: auto-detecting
*geometry* detected driver: pdftex
*geometry* verbose mode - [ preamble ] result:
* driver: pdftex
* paper: a4paper
* layout: <same size as paper>
* layoutoffset:(h,v)=(0.0pt,0.0pt)
* modes: twoside 
* h-part:(L,W,R)=(56.9055pt, 483.69687pt, 56.9055pt)
* v-part:(T,H,B)=(56.9055pt, 731.23584pt, 56.9055pt)
* \paperwidth=597.50787pt
* \paperheight=845.04684pt
* \textwidth=469.75499pt
* \textheight=650.43pt
* \oddsidemargin=0.0pt
* \evensidemargin=0.0pt
* \topmargin=-21.68121pt
* \headheight=12.0pt
* \headsep=19.8738pt
* \topskip=11.0pt
* \footskip=27.46295pt
* \marginparwidth=116.0pt
* \marginparsep=7.0pt
* \columnsep=10.0pt
* \skip\footins=10.0pt plus 4.0pt minus 2.0pt
* \hoffset=0.0pt
* \voffset=0.0pt
* \mag=1000
* \@twocolumnfalse
* \@twosidetrue
* \@mparswitchtrue
* \@reversemarginfalse
* (1in=72.27pt=25.4mm, 1cm=28.453pt)

Package hyperref Info: Link coloring OFF on input line 87.

(C:\Users\Caio Forcione\AppData\Local\Programs\MiKTeX\tex/latex/hyperref\namere
f.sty
Package: nameref 2021-04-02 v2.47 Cross-referencing by name of section

(C:\Users\Caio Forcione\AppData\Local\Programs\MiKTeX\tex/latex/refcount\refcou
nt.sty
Package: refcount 2019/12/15 v3.6 Data extraction from label references (HO)
)
(C:\Users\Caio Forcione\AppData\Local\Programs\MiKTeX\tex/generic/gettitlestrin
g\gettitlestring.sty
Package: gettitlestring 2019/12/15 v1.6 Cleanup title references (HO)
)
\c@section@level=\count320
)
LaTeX Info: Redefining \ref on input line 87.
LaTeX Info: Redefining \pageref on input line 87.
LaTeX Info: Redefining \nameref on input line 87.
 (Lista 1 - Gabarito.out) (Lista 1 - Gabarito.out)
\@outlinefile=\write3
\openout3 = `"Lista 1 - Gabarito.out"'.


(C:\Users\Caio Forcione\AppData\Local\Programs\MiKTeX\tex/latex/microtype\mt-cm
r.cfg
File: mt-cmr.cfg 2013/05/19 v2.2 microtype config. file: Computer Modern Roman 
(RS)
)
LaTeX Font Info:    Trying to load font information for U+msa on input line 104
.

(C:\Users\Caio Forcione\AppData\Local\Programs\MiKTeX\tex/latex/amsfonts\umsa.f
d
File: umsa.fd 2013/01/14 v3.01 AMS symbols A
)
(C:\Users\Caio Forcione\AppData\Local\Programs\MiKTeX\tex/latex/microtype\mt-ms
a.cfg
File: mt-msa.cfg 2006/02/04 v1.1 microtype config. file: AMS symbols (a) (RS)
)
LaTeX Font Info:    Trying to load font information for U+msb on input line 104
.

(C:\Users\Caio Forcione\AppData\Local\Programs\MiKTeX\tex/latex/amsfonts\umsb.f
d
File: umsb.fd 2013/01/14 v3.01 AMS symbols B
)
(C:\Users\Caio Forcione\AppData\Local\Programs\MiKTeX\tex/latex/microtype\mt-ms
b.cfg
File: mt-msb.cfg 2005/06/01 v1.0 microtype config. file: AMS symbols (b) (RS)
)
LaTeX Font Info:    Trying to load font information for U+rsfs on input line 10
4.

(C:\Users\Caio Forcione\AppData\Local\Programs\MiKTeX\tex/latex/jknappen\ursfs.
fd
File: ursfs.fd 1998/03/24 rsfs font definition file (jk)
) [1

{C:/Users/Caio Forcione/AppData/Local/MiKTeX/pdftex/config/pdftex.map}]
[2]
Underfull \hbox (badness 10000) in paragraph at lines 275--276

 []

<Histograma.png, id=25, 530.73282pt x 397.485pt>
File: Histograma.png Graphic file (type png)
<use Histograma.png>
Package pdftex.def Info: Histograma.png  used on input line 297.
(pdftex.def)             Requested size: 328.82706pt x 246.27438pt.
[3 <./Histograma.png>] [4]
Underfull \hbox (badness 10000) in paragraph at lines 429--430

 []

[5] [6] [7] [8] [9] [10] [11]
<tabela.png, id=95, 320.397pt x 452.28975pt>
File: tabela.png Graphic file (type png)
<use tabela.png>
Package pdftex.def Info: tabela.png  used on input line 825.
(pdftex.def)             Requested size: 328.82706pt x 464.21422pt.
 (Lista 1 - Gabarito.bbl [12

 <./tabela.png>])
[13

] (Lista 1 - Gabarito.aux)
Package rerunfilecheck Info: File `"Lista 1 - Gabarito".out' has not changed.
(rerunfilecheck)             Checksum: D41D8CD98F00B204E9800998ECF8427E;0.
 ) 
Here is how much of TeX's memory you used:
 14290 strings out of 479334
 221614 string characters out of 2853246
 576249 words of memory out of 3000000
 31360 multiletter control sequences out of 15000+200000
 442796 words of font info for 131 fonts, out of 3000000 for 9000
 1141 hyphenation exceptions out of 8191
 83i,8n,88p,323b,371s stack positions out of 5000i,500n,10000p,200000b,50000s
{C:/Users/Caio Forcione/AppData/Local/Programs/MiKTeX/fonts/enc/dvips/base/8r
.enc}<C:/Users/Caio Forcione/AppData/Local/Programs/MiKTeX/fonts/type1/public/a
msfonts/cm/cmex10.pfb><C:/Users/Caio Forcione/AppData/Local/Programs/MiKTeX/fon
ts/type1/public/amsfonts/cmextra/cmex8.pfb><C:/Users/Caio Forcione/AppData/Loca
l/Programs/MiKTeX/fonts/type1/public/amsfonts/cm/cmmi10.pfb><C:/Users/Caio Forc
ione/AppData/Local/Programs/MiKTeX/fonts/type1/public/amsfonts/cm/cmmi6.pfb><C:
/Users/Caio Forcione/AppData/Local/Programs/MiKTeX/fonts/type1/public/amsfonts/
cm/cmmi8.pfb><C:/Users/Caio Forcione/AppData/Local/Programs/MiKTeX/fonts/type1/
public/amsfonts/cm/cmr10.pfb><C:/Users/Caio Forcione/AppData/Local/Programs/MiK
TeX/fonts/type1/public/amsfonts/cm/cmr6.pfb><C:/Users/Caio Forcione/AppData/Loc
al/Programs/MiKTeX/fonts/type1/public/amsfonts/cm/cmr8.pfb><C:/Users/Caio Forci
one/AppData/Local/Programs/MiKTeX/fonts/type1/public/amsfonts/cm/cmsy10.pfb><C:
/Users/Caio Forcione/AppData/Local/Programs/MiKTeX/fonts/type1/urw/times/utmb8a
.pfb><C:/Users/Caio Forcione/AppData/Local/Programs/MiKTeX/fonts/type1/urw/time
s/utmr8a.pfb><C:/Users/Caio Forcione/AppData/Local/Programs/MiKTeX/fonts/type1/
urw/times/utmri8a.pfb>
Output written on "Lista 1 - Gabarito.pdf" (13 pages, 313529 bytes).
PDF statistics:
 161 PDF objects out of 1000 (max. 8388607)
 46 named destinations out of 1000 (max. 500000)
 43531 words of extra memory for PDF output out of 51595 (max. 10000000)

